16:55:50:901  INFO 34984 --- [main] com.hmall.HMallApplication               : Starting HMallApplication using Java 20.0.1 on LAPTOP-LJLRLRTI with PID 34984 (D:\BaiduNetdiskDownload\hmall\hm-service\target\classes started by 李阳 in D:\BaiduNetdiskDownload\hmall)
16:55:50:916 DEBUG 34984 --- [main] com.hmall.HMallApplication               : Running with Spring Boot v2.7.12, Spring v5.3.27
16:55:50:920  INFO 34984 --- [main] com.hmall.HMallApplication               : The following 1 profile is active: "local"
16:55:54:276  INFO 34984 --- [main] .s.d.r.c.RepositoryConfigurationDelegate : Multiple Spring Data modules found, entering strict repository configuration mode
16:55:54:283  INFO 34984 --- [main] .s.d.r.c.RepositoryConfigurationDelegate : Bootstrapping Spring Data Redis repositories in DEFAULT mode.
16:55:54:355  INFO 34984 --- [main] .s.d.r.c.RepositoryConfigurationDelegate : Finished Spring Data repository scanning in 32 ms. Found 0 Redis repository interfaces.
16:55:55:708  INFO 34984 --- [main] o.s.b.w.embedded.tomcat.TomcatWebServer  : Tomcat initialized with port(s): 8080 (http)
16:55:55:732  INFO 34984 --- [main] o.apache.catalina.core.StandardService   : Starting service [Tomcat]
16:55:55:733  INFO 34984 --- [main] org.apache.catalina.core.StandardEngine  : Starting Servlet engine: [Apache Tomcat/9.0.75]
16:55:56:037  INFO 34984 --- [main] o.a.c.c.C.[Tomcat].[localhost].[/]       : Initializing Spring embedded WebApplicationContext
16:55:56:038  INFO 34984 --- [main] w.s.c.ServletWebServerApplicationContext : Root WebApplicationContext: initialization completed in 4958 ms
16:56:01:144  INFO 34984 --- [main] pertySourcedRequestMappingHandlerMapping : Mapped URL path [/v2/api-docs] onto method [springfox.documentation.swagger2.web.Swagger2ControllerWebMvc#getDocumentation(String, HttpServletRequest)]
16:56:02:232  WARN 34984 --- [main] ConfigServletWebServerApplicationContext : Exception encountered during context initialization - cancelling refresh attempt: org.springframework.context.ApplicationContextException: Failed to start bean 'webServerStartStop'; nested exception is org.springframework.boot.web.server.PortInUseException: Port 8080 is already in use
16:56:02:281  INFO 34984 --- [main] o.apache.catalina.core.StandardService   : Stopping service [Tomcat]
16:56:02:310  INFO 34984 --- [main] ConditionEvaluationReportLoggingListener : 

Error starting ApplicationContext. To display the conditions report re-run your application with 'debug' enabled.
16:56:02:346 ERROR 34984 --- [main] o.s.b.d.LoggingFailureAnalysisReporter   : 

***************************
APPLICATION FAILED TO START
***************************

Description:

Web server failed to start. Port 8080 was already in use.

Action:

Identify and stop the process that's listening on port 8080 or configure this application to listen on another port.

